\BOOKMARK [0][-]{chapter.1}{ مقدمه}{}% 1
\BOOKMARK [1][-]{section.1.1}{شرح مسئله}{chapter.1}% 2
\BOOKMARK [1][-]{section.1.2}{اهمیت}{chapter.1}% 3
\BOOKMARK [1][-]{section.1.3}{انگیزه}{chapter.1}% 4
\BOOKMARK [1][-]{section.1.4}{سابقه پژوهش}{chapter.1}% 5
\BOOKMARK [1][-]{section.1.5}{هدف پژوهش}{chapter.1}% 6
\BOOKMARK [1][-]{section.1.6}{روش پژوهش}{chapter.1}% 7
\BOOKMARK [1][-]{section.1.7}{ساختار}{chapter.1}% 8
\BOOKMARK [0][-]{chapter.2}{ ادبیات موضوعی و تعاریف}{}% 9
\BOOKMARK [1][-]{section.2.1}{سیستم‌های موروثی}{chapter.2}% 10
\BOOKMARK [2][-]{subsection.2.1.1}{ریسک‌های استفاده از سیستم‌های موروثی}{section.2.1}% 11
\BOOKMARK [1][-]{section.2.2}{سیستم‌های جدید}{chapter.2}% 12
\BOOKMARK [1][-]{section.2.3}{سسیستم‌های تحت وب و موبایل}{chapter.2}% 13
\BOOKMARK [2][-]{subsection.2.3.1}{سیستم‌های دارای معماری سرویس‌گرا}{section.2.3}% 14
\BOOKMARK [2][-]{subsection.2.3.2}{سیستم‌های دارای معماری عامل‌گرا}{section.2.3}% 15
\BOOKMARK [2][-]{subsection.2.3.3}{سایر معماری‌ها}{section.2.3}% 16
\BOOKMARK [1][-]{section.2.4}{تکنیک‌های انتقال سیستم‌ها}{chapter.2}% 17
\BOOKMARK [2][-]{subsection.2.4.1}{بازسازی }{section.2.4}% 18
\BOOKMARK [2][-]{subsection.2.4.2}{پیکربندی مجدد}{section.2.4}% 19
\BOOKMARK [2][-]{subsection.2.4.3}{مهندسی مجدد}{section.2.4}% 20
\BOOKMARK [0][-]{chapter.3}{ کارهای پیشین}{}% 21
\BOOKMARK [1][-]{section.3.1}{معرفی مطالعات قبلی}{chapter.3}% 22
\BOOKMARK [1][-]{section.3.2}{طبقه‌بندی}{chapter.3}% 23
\BOOKMARK [0][-]{chapter.4}{تعریف یک مدل ارزیابی انتخاب تکنیک مناسب برای انتقال سیستم قدیمی}{}% 24
\BOOKMARK [1][-]{section.4.1}{معرفی شاخص‌ها}{chapter.4}% 25
\BOOKMARK [1][-]{section.4.2}{طبقه بندی شاخص‌ها}{chapter.4}% 26
\BOOKMARK [1][-]{section.4.3}{معرفی مدل ارزیابی}{chapter.4}% 27
\BOOKMARK [1][-]{section.4.4}{مطالعه‌ی موردی}{chapter.4}% 28
\BOOKMARK [0][-]{chapter.5}{نتیجه‌گیری}{}% 29
\BOOKMARK [0][-]{chapter.6}{کارهای آتی }{}% 30
