This is XeTeX, Version 3.1415926-2.3-0.9997.5 (TeX Live 2011) (format=xelatex 2011.7.3)  6 SEP 2015 08:16
entering extended mode
 restricted \write18 enabled.
 %&-line parsing enabled.
**thesis.tex
(./thesis.tex
LaTeX2e <2009/09/24>
Babel <v3.8l> and hyphenation patterns for english, dumylang, nohyphenation, ge
rman-x-2009-06-19, ngerman-x-2009-06-19, afrikaans, ancientgreek, ibycus, arabi
c, armenian, basque, bulgarian, catalan, pinyin, coptic, croatian, czech, danis
h, dutch, ukenglish, usenglishmax, esperanto, estonian, ethiopic, farsi, finnis
h, french, galician, german, ngerman, swissgerman, monogreek, greek, hungarian,
 icelandic, assamese, bengali, gujarati, hindi, kannada, malayalam, marathi, or
iya, panjabi, tamil, telugu, indonesian, interlingua, irish, italian, kurmanji,
 lao, latin, latvian, lithuanian, mongolian, mongolianlmc, bokmal, nynorsk, pol
ish, portuguese, romanian, russian, sanskrit, serbian, serbianc, slovak, sloven
ian, spanish, swedish, turkish, turkmen, ukrainian, uppersorbian, welsh, loaded
.
(/usr/local/texlive/2011/texmf-dist/tex/latex/base/book.cls
Document Class: book 2007/10/19 v1.4h Standard LaTeX document class
(/usr/local/texlive/2011/texmf-dist/tex/latex/base/bk11.clo
File: bk11.clo 2007/10/19 v1.4h Standard LaTeX file (size option)
)
\c@part=\count80
\c@chapter=\count81
\c@section=\count82
\c@subsection=\count83
\c@subsubsection=\count84
\c@paragraph=\count85
\c@subparagraph=\count86
\c@figure=\count87
\c@table=\count88
\abovecaptionskip=\skip41
\belowcaptionskip=\skip42
\bibindent=\dimen102
)
(./styles/common.tex
(/usr/local/texlive/2011/texmf-dist/tex/latex/amsfonts/amssymb.sty
Package: amssymb 2009/06/22 v3.00

(/usr/local/texlive/2011/texmf-dist/tex/latex/amsfonts/amsfonts.sty
Package: amsfonts 2009/06/22 v3.00 Basic AMSFonts support
\@emptytoks=\toks14
\symAMSa=\mathgroup4
\symAMSb=\mathgroup5
LaTeX Font Info:    Overwriting math alphabet `\mathfrak' in version `bold'
(Font)                  U/euf/m/n --> U/euf/b/n on input line 96.
))
(/usr/local/texlive/2011/texmf-dist/tex/latex/amsmath/amsmath.sty
Package: amsmath 2000/07/18 v2.13 AMS math features
\@mathmargin=\skip43

For additional information on amsmath, use the `?' option.
(/usr/local/texlive/2011/texmf-dist/tex/latex/amsmath/amstext.sty
Package: amstext 2000/06/29 v2.01

(/usr/local/texlive/2011/texmf-dist/tex/latex/amsmath/amsgen.sty
File: amsgen.sty 1999/11/30 v2.0
\@emptytoks=\toks15
\ex@=\dimen103
))
(/usr/local/texlive/2011/texmf-dist/tex/latex/amsmath/amsbsy.sty
Package: amsbsy 1999/11/29 v1.2d
\pmbraise@=\dimen104
)
(/usr/local/texlive/2011/texmf-dist/tex/latex/amsmath/amsopn.sty
Package: amsopn 1999/12/14 v2.01 operator names
)
\inf@bad=\count89
LaTeX Info: Redefining \frac on input line 211.
\uproot@=\count90
\leftroot@=\count91
LaTeX Info: Redefining \overline on input line 307.
\classnum@=\count92
\DOTSCASE@=\count93
LaTeX Info: Redefining \ldots on input line 379.
LaTeX Info: Redefining \dots on input line 382.
LaTeX Info: Redefining \cdots on input line 467.
\Mathstrutbox@=\box26
\strutbox@=\box27
\big@size=\dimen105
LaTeX Font Info:    Redeclaring font encoding OML on input line 567.
LaTeX Font Info:    Redeclaring font encoding OMS on input line 568.
\macc@depth=\count94
\c@MaxMatrixCols=\count95
\dotsspace@=\muskip10
\c@parentequation=\count96
\dspbrk@lvl=\count97
\tag@help=\toks16
\row@=\count98
\column@=\count99
\maxfields@=\count100
\andhelp@=\toks17
\eqnshift@=\dimen106
\alignsep@=\dimen107
\tagshift@=\dimen108
\tagwidth@=\dimen109
\totwidth@=\dimen110
\lineht@=\dimen111
\@envbody=\toks18
\multlinegap=\skip44
\multlinetaggap=\skip45
\mathdisplay@stack=\toks19
LaTeX Info: Redefining \[ on input line 2666.
LaTeX Info: Redefining \] on input line 2667.
)
(/usr/local/texlive/2011/texmf-dist/tex/latex/hyperref/hyperref.sty
Package: hyperref 2011/04/17 v6.82g Hypertext links for LaTeX

(/usr/local/texlive/2011/texmf-dist/tex/generic/oberdiek/hobsub-hyperref.sty
Package: hobsub-hyperref 2011/04/23 v1.4 Bundle oberdiek, subset hyperref (HO)

(/usr/local/texlive/2011/texmf-dist/tex/generic/oberdiek/hobsub-generic.sty
Package: hobsub-generic 2011/04/23 v1.4 Bundle oberdiek, subset generic (HO)
Package: hobsub 2011/04/23 v1.4 Subsetting bundle oberdiek (HO)
Package: infwarerr 2010/04/08 v1.3 Providing info/warning/message (HO)
Package: ltxcmds 2011/04/18 v1.20 LaTeX kernel commands for general use (HO)
Package: ifluatex 2010/03/01 v1.3 Provides the ifluatex switch (HO)
Package ifluatex Info: LuaTeX not detected.
Package: ifvtex 2010/03/01 v1.5 Switches for detecting VTeX and its modes (HO)
Package ifvtex Info: VTeX not detected.
Package: intcalc 2007/09/27 v1.1 Expandable integer calculations (HO)
Package: ifpdf 2011/01/30 v2.3 Provides the ifpdf switch (HO)
Package ifpdf Info: pdfTeX in PDF mode is not detected.
Package: etexcmds 2011/02/16 v1.5 Prefix for e-TeX command names (HO)
Package etexcmds Info: Could not find \expanded.
(etexcmds)             That can mean that you are not using pdfTeX 1.50 or
(etexcmds)             that some package has redefined \expanded.
(etexcmds)             In the latter case, load this package earlier.
Package: kvsetkeys 2011/04/07 v1.13 Key value parser (HO)
Package: kvdefinekeys 2011/04/07 v1.3 Defining keys (HO)
Package: pdftexcmds 2011/04/22 v0.16 Utilities of pdfTeX for LuaTeX (HO)
Package pdftexcmds Info: LuaTeX not detected.
Package pdftexcmds Info: pdfTeX >= 1.30 not detected.
Package pdftexcmds Info: \pdf@primitive is available.
Package pdftexcmds Info: \pdf@ifprimitive is available.
Package pdftexcmds Info: \pdfdraftmode not found.
Package: pdfescape 2011/04/04 v1.12 Provides string conversions (HO)
Package: bigintcalc 2011/01/30 v1.2 Expandable big integer calculations (HO)
Package: bitset 2011/01/30 v1.1 Data type bit set (HO)
Package: uniquecounter 2011/01/30 v1.2 Provides unlimited unique counter (HO)
)
Package hobsub Info: Skipping package `hobsub' (already loaded).
Package: letltxmacro 2010/09/02 v1.4 Let assignment for LaTeX macros (HO)
Package: hopatch 2011/01/30 v1.0 Wrapper for package hooks (HO)
Package: xcolor-patch 2011/01/30 xcolor patch
Package: atveryend 2011/04/23 v1.7 Hooks at very end of document (HO)
Package atveryend Info: \enddocument detected (standard).
Package: atbegshi 2011/01/30 v1.15 At begin shipout hook (HO)
Package: refcount 2010/12/01 v3.2 Data extraction from references (HO)
Package: hycolor 2011/01/30 v1.7 Color options of hyperref/bookmark (HO)
)
(/usr/local/texlive/2011/texmf-dist/tex/latex/graphics/keyval.sty
Package: keyval 1999/03/16 v1.13 key=value parser (DPC)
\KV@toks@=\toks20
)
(/usr/local/texlive/2011/texmf-dist/tex/generic/ifxetex/ifxetex.sty
Package: ifxetex 2010/09/12 v0.6 Provides ifxetex conditional
)
(/usr/local/texlive/2011/texmf-dist/tex/latex/oberdiek/kvoptions.sty
Package: kvoptions 2010/12/23 v3.10 Keyval support for LaTeX options (HO)
)
\@linkdim=\dimen112
\Hy@linkcounter=\count101
\Hy@pagecounter=\count102

(/usr/local/texlive/2011/texmf-dist/tex/latex/hyperref/pd1enc.def
File: pd1enc.def 2011/04/17 v6.82g Hyperref: PDFDocEncoding definition (HO)
)
\Hy@SavedSpaceFactor=\count103

(/usr/local/texlive/2011/texmf-dist/tex/xelatex/xetexconfig/hyperref.cfg
File: hyperref.cfg 2008/07/11 v1.2 hyperref configuration for XeLaTeX
)
Package hyperref Info: Option `colorlinks' set `true' on input line 3905.
Package hyperref Info: Hyper figures OFF on input line 4026.
Package hyperref Info: Link nesting OFF on input line 4031.
Package hyperref Info: Hyper index ON on input line 4034.
Package hyperref Info: Plain pages OFF on input line 4041.
Package hyperref Info: Backreferencing OFF on input line 4046.
Package hyperref Info: Implicit mode ON; LaTeX internals redefined.
Package hyperref Info: Bookmarks ON on input line 4264.
\c@Hy@tempcnt=\count104

(/usr/local/texlive/2011/texmf-dist/tex/latex/url/url.sty
\Urlmuskip=\muskip11
Package: url 2006/04/12  ver 3.3  Verb mode for urls, etc.
)
LaTeX Info: Redefining \url on input line 4617.
\Fld@menulength=\count105
\Field@Width=\dimen113
\Fld@charsize=\dimen114
Package hyperref Info: Hyper figures OFF on input line 5701.
Package hyperref Info: Link nesting OFF on input line 5706.
Package hyperref Info: Hyper index ON on input line 5709.
Package hyperref Info: backreferencing OFF on input line 5716.
Package hyperref Info: Link coloring ON on input line 5719.
Package hyperref Info: Link coloring with OCG OFF on input line 5726.
Package hyperref Info: PDF/A mode OFF on input line 5731.
LaTeX Info: Redefining \ref on input line 5771.
LaTeX Info: Redefining \pageref on input line 5775.
\Hy@abspage=\count106
\c@Item=\count107
\c@Hfootnote=\count108
)

Package hyperref Message: Driver (autodetected): hxetex.

(/usr/local/texlive/2011/texmf-dist/tex/latex/hyperref/hxetex.def
File: hxetex.def 2011/04/17 v6.82g Hyperref driver for XeTeX

(/usr/local/texlive/2011/texmf-dist/tex/latex/hyperref/puenc.def
File: puenc.def 2011/04/17 v6.82g Hyperref: PDF Unicode definition (HO)
)
(/usr/local/texlive/2011/texmf-dist/tex/generic/oberdiek/stringenc.sty
Package: stringenc 2010/03/01 v1.8 Converts strings between encodings (HO)
)
\pdfm@box=\box28
\c@Hy@AnnotLevel=\count109
\HyField@AnnotCount=\count110
\Fld@listcount=\count111
\c@bookmark@seq@number=\count112

(/usr/local/texlive/2011/texmf-dist/tex/latex/oberdiek/rerunfilecheck.sty
Package: rerunfilecheck 2011/04/15 v1.7 Rerun checks for auxiliary files (HO)
Package rerunfilecheck Info: Feature \pdfmdfivesum is not available
(rerunfilecheck)             (e.g. pdfTeX or LuaTeX with package `pdftexcmds').

(rerunfilecheck)             Therefore file contents cannot be checked efficien
tly
(rerunfilecheck)             and the loading of the package is aborted.
)
\Hy@SectionHShift=\skip46
)
(/usr/local/texlive/2011/texmf-dist/tex/latex/pstricks/pstricks.sty
Package: pstricks 2011/04/23 v0.50 LaTeX wrapper for `PSTricks' (RN,HV)

(/usr/local/texlive/2011/texmf-dist/tex/generic/pstricks/pstricks.tex
(/usr/local/texlive/2011/texmf-dist/tex/generic/xkeyval/pst-xkey.tex
File: pst-xkey.tex 2005/11/25 v1.6 PSTricks specialization of xkeyval (HA)

(/usr/local/texlive/2011/texmf-dist/tex/latex/xkeyval/xkeyval.sty
Package: xkeyval 2008/08/13 v2.6a package option processing (HA)

(/usr/local/texlive/2011/texmf-dist/tex/generic/xkeyval/xkeyval.tex
\XKV@toks=\toks21
\XKV@tempa@toks=\toks22
\XKV@depth=\count113
File: xkeyval.tex 2008/08/13 v2.6a key=value parser (HA)
)))
(/usr/local/texlive/2011/texmf-dist/tex/generic/pstricks/pst-fp.tex
`pst-fp' v0.05, 2010/01/17 (hv)
\pstFP@xs=\count114
\pstFP@xia=\count115
\pstFP@xib=\count116
\pstFP@xfa=\count117
\pstFP@xfb=\count118
\pstFP@rega=\count119
\pstFP@regb=\count120
\pstFP@regs=\count121
\pstFP@times=\count122
)
\psLoopIndex=\count123

`PSTricks' v2.20  <2011/04/23> (tvz)
\pst@dima=\dimen115
\pst@dimb=\dimen116
\pst@dimc=\dimen117
\pst@dimd=\dimen118
\pst@dimg=\dimen119
\pst@dimh=\dimen120
\pst@dimm=\dimen121
\pst@dimn=\dimen122
\pst@dimo=\dimen123
\pst@dimp=\dimen124
\pst@hbox=\box29
\pst@ibox=\box30
\pst@boxg=\box31
\pst@cnta=\count124
\pst@cntb=\count125
\pst@cntc=\count126
\pst@cntd=\count127
\pst@cntg=\count128
\pst@cnth=\count129
\pst@cntm=\count130
\pst@cntn=\count131
\pst@cnto=\count132
\pst@cntp=\count133
\@zero=\count134
\pst@toks=\toks23
(/usr/local/texlive/2011/texmf-dist/tex/xelatex/xetex-pstricks/pstricks.con
(/usr/local/texlive/2011/texmf-dist/tex/generic/pstricks/config/xdvipdfmx.cfg))
\psunit=\dimen125
\psxunit=\dimen126
\psyunit=\dimen127
\pst@C@@rType=\count135
\pslinewidth=\dimen128
\psk@startLW=\dimen129
\psk@endLW=\dimen130
\pst@customdefs=\toks24
\pslinearc=\dimen131
\pst@symbolStep=\dimen132
\pst@symbolWidth=\dimen133
\everypsbox=\toks25
\psframesep=\dimen134
\pslabelsep=\dimen135
\pst@shift=\dimen136
\theoverlaybox=\box32
(/usr/local/texlive/2011/texmf-dist/tex/xelatex/xetex-pstricks/pstricks.con
(/usr/local/texlive/2011/texmf-dist/tex/generic/pstricks/config/xdvipdfmx.cfg
Using PSTricks configuration for XeTeX+xdvipdfmx
)))
File: pstricks.tex 2011/04/23 v2.20 `PSTricks' (tvz,hv)
 (/usr/local/texlive/2011/texmf-dist/tex/generic/pstricks/pst-fp.tex)
File: pst-fp.tex 2011/04/23 v2.20 `PST-fp' (hv)

(/usr/local/texlive/2011/texmf-dist/tex/latex/xcolor/xcolor.sty
Package: xcolor 2007/01/21 v2.11 LaTeX color extensions (UK)

(/usr/local/texlive/2011/texmf-dist/tex/latex/latexconfig/color.cfg
File: color.cfg 2007/01/18 v1.5 color configuration of teTeX/TeXLive
)
Package xcolor Info: Package option `usenames' ignored on input line 216.
Package xcolor Info: Driver file: xetex.def on input line 225.

(/usr/local/texlive/2011/texmf-dist/tex/xelatex/xetex-def/xetex.def
File: xetex.def 2009/11/22 v0.94 LaTeX color/graphics driver for XeTeX (RRM/JK)

)
Package xcolor Info: Model `cmy' substituted by `cmy0' on input line 1337.
Package xcolor Info: Model `RGB' extended on input line 1353.
Package xcolor Info: Model `HTML' substituted by `rgb' on input line 1355.
Package xcolor Info: Model `Hsb' substituted by `hsb' on input line 1356.
Package xcolor Info: Model `tHsb' substituted by `hsb' on input line 1357.
Package xcolor Info: Model `HSB' substituted by `hsb' on input line 1358.
Package xcolor Info: Model `Gray' substituted by `gray' on input line 1359.
Package xcolor Info: Model `wave' substituted by `hsb' on input line 1360.

(/usr/local/texlive/2011/texmf-dist/tex/latex/graphics/dvipsnam.def
File: dvipsnam.def 1999/02/16 v3.0i Driver-dependant file (DPC,SPQR)
)))
(/usr/local/texlive/2011/texmf-dist/tex/latex/graphics/graphicx.sty
Package: graphicx 1999/02/16 v1.0f Enhanced LaTeX Graphics (DPC,SPQR)

(/usr/local/texlive/2011/texmf-dist/tex/latex/graphics/graphics.sty
Package: graphics 2009/02/05 v1.0o Standard LaTeX Graphics (DPC,SPQR)

(/usr/local/texlive/2011/texmf-dist/tex/latex/graphics/trig.sty
Package: trig 1999/03/16 v1.09 sin cos tan (DPC)
)
(/usr/local/texlive/2011/texmf-dist/tex/latex/latexconfig/graphics.cfg
File: graphics.cfg 2010/04/23 v1.9 graphics configuration of TeX Live
)
Package graphics Info: Driver file: xetex.def on input line 91.
)
\Gin@req@height=\dimen137
\Gin@req@width=\dimen138
)
(/usr/local/texlive/2011/texmf-dist/tex/latex/subfigure/subfigure.sty
Package: subfigure 2002/03/15 v2.1.5 subfigure package
\subfigtopskip=\skip47
\subfigcapskip=\skip48
\subfigcaptopadj=\dimen139
\subfigbottomskip=\skip49
\subfigcapmargin=\dimen140
\subfiglabelskip=\skip50
\c@subfigure=\count136
\c@lofdepth=\count137
\c@subtable=\count138
\c@lotdepth=\count139

****************************************
* Local config file subfigure.cfg used *
****************************************
(/usr/local/texlive/2011/texmf-dist/tex/latex/subfigure/subfigure.cfg)
\subfig@top=\skip51
\subfig@bottom=\skip52
)
(/usr/local/texlive/2011/texmf-dist/tex/latex/wrapfig/wrapfig.sty
\wrapoverhang=\dimen141
\WF@size=\dimen142
\c@WF@wrappedlines=\count140
\WF@box=\box33
\WF@everypar=\toks26
Package: wrapfig 2003/01/31  v 3.6
)
(/usr/local/texlive/2011/texmf-dist/tex/latex/geometry/geometry.sty
Package: geometry 2010/09/12 v5.6 Page Geometry
\Gm@cnth=\count141
\Gm@cntv=\count142
\c@Gm@tempcnt=\count143
\Gm@bindingoffset=\dimen143
\Gm@wd@mp=\dimen144
\Gm@odd@mp=\dimen145
\Gm@even@mp=\dimen146
\Gm@layoutwidth=\dimen147
\Gm@layoutheight=\dimen148
\Gm@layouthoffset=\dimen149
\Gm@layoutvoffset=\dimen150
\Gm@dimlist=\toks27
)
(/usr/local/texlive/2011/texmf-dist/tex/latex/fancyhdr/fancyhdr.sty
\fancy@headwidth=\skip53
\f@ncyO@elh=\skip54
\f@ncyO@erh=\skip55
\f@ncyO@olh=\skip56
\f@ncyO@orh=\skip57
\f@ncyO@elf=\skip58
\f@ncyO@erf=\skip59
\f@ncyO@olf=\skip60
\f@ncyO@orf=\skip61
)
(/usr/local/texlive/2011/texmf-dist/tex/latex/amsfonts/euscript.sty
Package: euscript 2009/06/22 v3.00 Euler Script fonts
LaTeX Font Info:    Overwriting math alphabet `\EuScript' in version `bold'
(Font)                  U/eus/m/n --> U/eus/b/n on input line 33.
)
(/usr/local/texlive/2011/texmf-dist/tex/latex/tools/multicol.sty
Package: multicol 2008/12/05 v1.6h multicolumn formatting (FMi)
\c@tracingmulticols=\count144
\mult@box=\box34
\multicol@leftmargin=\dimen151
\c@unbalance=\count145
\c@collectmore=\count146
\doublecol@number=\count147
\multicoltolerance=\count148
\multicolpretolerance=\count149
\full@width=\dimen152
\page@free=\dimen153
\premulticols=\dimen154
\postmulticols=\dimen155
\multicolsep=\skip62
\multicolbaselineskip=\skip63
\partial@page=\box35
\last@line=\box36
\mult@rightbox=\box37
\mult@grightbox=\box38
\mult@gfirstbox=\box39
\mult@firstbox=\box40
\@tempa=\box41
\@tempa=\box42
\@tempa=\box43
\@tempa=\box44
\@tempa=\box45
\@tempa=\box46
\@tempa=\box47
\@tempa=\box48
\@tempa=\box49
\@tempa=\box50
\@tempa=\box51
\@tempa=\box52
\@tempa=\box53
\@tempa=\box54
\@tempa=\box55
\@tempa=\box56
\@tempa=\box57
\c@columnbadness=\count150
\c@finalcolumnbadness=\count151
\last@try=\dimen156
\multicolovershoot=\dimen157
\multicolundershoot=\dimen158
\mult@nat@firstbox=\box58
\colbreak@box=\box59
)
(/usr/local/texlive/2011/texmf-dist/tex/latex/algorithmicx/algorithmicx.sty
Package: algorithmicx 2005/04/27 v1.2 Algorithmicx

(/usr/local/texlive/2011/texmf-dist/tex/latex/base/ifthen.sty
Package: ifthen 2001/05/26 v1.1c Standard LaTeX ifthen package (DPC)
)
Document Style algorithmicx 1.2 - a greatly improved `algorithmic' style
\c@ALG@line=\count152
\c@ALG@rem=\count153
\c@ALG@nested=\count154
\ALG@tlm=\skip64
\ALG@thistlm=\skip65
\c@ALG@Lnr=\count155
\c@ALG@blocknr=\count156
\c@ALG@storecount=\count157
\c@ALG@tmpcounter=\count158
\ALG@tmplength=\skip66
) (/usr/local/texlive/2011/texmf-dist/tex/latex/algorithms/algorithm.sty
Invalid UTF-8 byte or sequence at line 11 replaced by U+FFFD.
Package: algorithm 2009/08/24 v0.1 Document Style `algorithm' - floating enviro
nment

(/usr/local/texlive/2011/texmf-dist/tex/latex/float/float.sty
Package: float 2001/11/08 v1.3d Float enhancements (AL)
\c@float@type=\count159
\float@exts=\toks28
\float@box=\box60
\@float@everytoks=\toks29
\@floatcapt=\box61
)
\@float@every@algorithm=\toks30
\c@algorithm=\count160
)
(/usr/local/texlive/2011/texmf-dist/tex/latex/algorithmicx/algpseudocode.sty
Package: algpseudocode 

Document Style - pseudocode environments for use with the `algorithmicx' style
) (/usr/local/texlive/2011/texmf-dist/tex/xelatex/xepersian/xepersian.sty
Package: xepersian 2011/03/21 v1.1.0 <commit 100> Persian typesetting in XeLaTe
X

(/usr/local/texlive/2011/texmf-dist/tex/latex/fontspec/fontspec.sty
Package: fontspec 2011/02/26 v2.1f Advanced font selection for XeLaTeX/LuaLaTeX


(/usr/local/texlive/2011/texmf-dist/tex/latex/expl3/expl3.sty
(/usr/local/texlive/2011/texmf-dist/tex/latex/expl3/l3names.sty
Package: l3names 2011/01/08 v2122 L3 Experimental Naming Scheme for TeX Primiti
ves
)
Package: expl3 2011/04/09 v2222 L3 Experimental code bundle wrapper

(/usr/local/texlive/2011/texmf-dist/tex/latex/etex-pkg/etex.sty
Package: etex 1998/03/26 v2.0 eTeX basic definition package (PEB)
\et@xins=\count161
)
(/usr/local/texlive/2011/texmf-dist/tex/latex/expl3/l3basics.sty
Package: l3basics 2011/04/23 v2246 L3 Experimental basic definitions
)
(/usr/local/texlive/2011/texmf-dist/tex/latex/expl3/l3expan.sty
Package: l3expan 2011/04/09 v2223 L3 Experimental Argument Expansion module
)
(/usr/local/texlive/2011/texmf-dist/tex/latex/expl3/l3tl.sty
Package: l3tl 2011/04/09 v2223 L3 Experimental Token Lists
)
(/usr/local/texlive/2011/texmf-dist/tex/latex/expl3/l3int.sty
Package: l3int 2011/04/11 v2229 L3 Experimental Integer module
\l_tmpa_int=\count162
\l_tmpb_int=\count163
\l_tmpc_int=\count164
\g_tmpa_int=\count165
\g_tmpb_int=\count166
\c_max_int=\count167
\g_tl_inline_level_int=\count168
\g_prg_inline_level_int=\count169
)
(/usr/local/texlive/2011/texmf-dist/tex/latex/expl3/l3quark.sty
Package: l3quark 2011/04/14 v2234 L3 Experimental Quark Commands
)
(/usr/local/texlive/2011/texmf-dist/tex/latex/expl3/l3seq.sty
Package: l3seq 2011/04/21 v2245 The LaTeX3 kernel: sequences and stacks
\g_seq_nesting_depth_int=\count170
)
(/usr/local/texlive/2011/texmf-dist/tex/latex/expl3/l3toks.sty
Package: l3toks 2011/04/09 v2223 L3 Experimental Token Registers
\l_tmpb_toks=\toks31
\l_tmpc_toks=\toks32
\g_tmpa_toks=\toks33
\g_tmpb_toks=\toks34
\g_tmpc_toks=\toks35
\c_empty_toks=\toks36
\l_tl_replace_toks=\toks37
)
(/usr/local/texlive/2011/texmf-dist/tex/latex/expl3/l3prg.sty
Package: l3prg 2011/04/09 v2223 L3 Experimental control structures
)
(/usr/local/texlive/2011/texmf-dist/tex/latex/expl3/l3clist.sty
Package: l3clist 2011/04/09 v2223 L3 Experimental comma separated lists
\g_clist_map_inline_int=\count171
)
(/usr/local/texlive/2011/texmf-dist/tex/latex/expl3/l3token.sty
Package: l3token 2011/04/09 v2223 L3 Experimental token investigation and manip
ulation
)
(/usr/local/texlive/2011/texmf-dist/tex/latex/expl3/l3prop.sty
Package: l3prop 2011/04/09 v2223 L3 Experimental Property Lists
\g_prop_inline_level_int=\count172
)
(/usr/local/texlive/2011/texmf-dist/tex/latex/expl3/l3msg.sty
Package: l3msg 2010/10/02 v2052 L3 Experimental LaTeX Messages module
\l_msg_redirect_classes_prop=\toks38
\l_msg_redirect_names_prop=\toks39
\l_msg_redirect_fatal_prop=\toks40
\l_msg_redirect_error_prop=\toks41
\l_msg_redirect_warning_prop=\toks42
\l_msg_redirect_info_prop=\toks43
\l_msg_redirect_log_prop=\toks44
\l_msg_redirect_trace_prop=\toks45
\l_msg_redirect_none_prop=\toks46
)
(/usr/local/texlive/2011/texmf-dist/tex/latex/expl3/l3io.sty
Package: l3io 2010/10/03 v2063 L3 Experimental i/o module
\g_iow_streams_prop=\toks47
\g_ior_streams_prop=\toks48
\l_iow_stream_int=\count173
)
(/usr/local/texlive/2011/texmf-dist/tex/latex/expl3/l3skip.sty
Package: l3skip 2011/02/15 v2149 L3 Experimental skip registers
\l_tmpa_skip=\skip67
\l_tmpb_skip=\skip68
\l_tmpc_skip=\skip69
\g_tmpa_skip=\skip70
\g_tmpb_skip=\skip71
\l_tmpa_dim=\dimen159
\l_tmpb_dim=\dimen160
\l_tmpc_dim=\dimen161
\l_tmpd_dim=\dimen162
\g_tmpa_dim=\dimen163
\g_tmpb_dim=\dimen164
)
(/usr/local/texlive/2011/texmf-dist/tex/latex/expl3/l3box.sty
Package: l3box 2011/04/09 v2223 L3 Experimental Box module
\l_tmpb_box=\box62
)
(/usr/local/texlive/2011/texmf-dist/tex/latex/expl3/l3keyval.sty
Package: l3keyval 2011/04/09 v2223 L3 Experimental keyval processing
\l_KV_level_int=\count174
)
(/usr/local/texlive/2011/texmf-dist/tex/latex/expl3/l3keys.sty
Package: l3keys 2010/11/11 v2082 L3 Experimental key-value support
\l_keys_choice_int=\count175
)
(/usr/local/texlive/2011/texmf-dist/tex/latex/expl3/l3precom.sty
Package: l3precom 2011/04/09 v2223 L3 Experimental precompilation module
\g_gen_sym_int=\count176
\g_ggen_sym_int=\count177
)
(/usr/local/texlive/2011/texmf-dist/tex/latex/expl3/l3xref.sty
Package: l3xref 2011/04/09 v2223 L3 Experimental cross referencing
\g_xref_all_curr_immediate_fields_prop=\toks49
\g_xref_all_curr_deferred_fields_prop=\toks50
)
(/usr/local/texlive/2011/texmf-dist/tex/latex/expl3/l3file.sty
Package: l3file 2011/04/21 v2242 The LaTeX3 kernel: file operations
)
(/usr/local/texlive/2011/texmf-dist/tex/latex/expl3/l3fp.sty
Package: l3fp 2011/03/19 v2201 L3 Experimental floating-point operations
\c_one_million=\count178
\c_one_hundred_million=\count179
\c_five_hundred_million=\count180
\c_one_thousand_million=\count181
\c_fp_pi_by_four_decimal_int=\count182
\c_fp_pi_by_four_extended_int=\count183
\c_fp_pi_decimal_int=\count184
\c_fp_pi_extended_int=\count185
\c_fp_two_pi_decimal_int=\count186
\c_fp_two_pi_extended_int=\count187
\l_fp_count_int=\count188
\l_fp_div_offset_int=\count189
\l_fp_exp_integer_int=\count190
\l_fp_exp_decimal_int=\count191
\l_fp_exp_extended_int=\count192
\l_fp_exp_exponent_int=\count193
\l_fp_input_a_sign_int=\count194
\l_fp_input_a_integer_int=\count195
\l_fp_input_a_decimal_int=\count196
\l_fp_input_a_exponent_int=\count197
\l_fp_input_b_sign_int=\count198
\l_fp_input_b_integer_int=\count199
\l_fp_input_b_decimal_int=\count200
\l_fp_input_b_exponent_int=\count201
Normal \count register pool exhausted, switching to extended pool.
\l_fp_input_a_extended_int=\count277
\l_fp_input_b_extended_int=\count278
\l_fp_mul_a_i_int=\count279
\l_fp_mul_a_ii_int=\count280
\l_fp_mul_a_iii_int=\count281
\l_fp_mul_a_iv_int=\count282
\l_fp_mul_a_v_int=\count283
\l_fp_mul_a_vi_int=\count284
\l_fp_mul_b_i_int=\count285
\l_fp_mul_b_ii_int=\count286
\l_fp_mul_b_iii_int=\count287
\l_fp_mul_b_iv_int=\count288
\l_fp_mul_b_v_int=\count289
\l_fp_mul_b_vi_int=\count290
\l_fp_mul_output_int=\count291
\l_fp_output_sign_int=\count292
\l_fp_output_integer_int=\count293
\l_fp_output_decimal_int=\count294
\l_fp_output_exponent_int=\count295
\l_fp_output_extended_int=\count296
\l_fp_round_position_int=\count297
\l_fp_round_target_int=\count298
\l_fp_split_sign_int=\count299
\l_fp_tmp_int=\count300
\l_fp_trig_octant_int=\count301
\l_fp_trig_sign_int=\count302
\l_fp_trig_decimal_int=\count303
\l_fp_trig_extended_int=\count304
\l_fp_tmp_dim=\dimen165
\l_fp_tmp_skip=\skip72
)
(/usr/local/texlive/2011/texmf-dist/tex/latex/expl3/l3luatex.sty
Package: l3luatex 2010/07/18 v1985 L3 Experimental LuaTeX functions
\g_cctab_allocate_int=\count305
\g_cctab_stack_int=\count306
)
(/usr/local/texlive/2011/texmf-dist/tex/latex/tools/calc.sty
Package: calc 2007/08/22 v4.3 Infix arithmetic (KKT,FJ)
\calc@Acount=\count307
\calc@Bcount=\count308
\calc@Adimen=\dimen166
\calc@Bdimen=\dimen167
\calc@Askip=\skip73
\calc@Bskip=\skip74
LaTeX Info: Redefining \setlength on input line 76.
LaTeX Info: Redefining \addtolength on input line 77.
\calc@Ccount=\count309
\calc@Cskip=\skip75
))
(/usr/local/texlive/2011/texmf-dist/tex/latex/xpackages/xbase/xparse.sty
Package: xparse 2011/04/08 v2219 Generic document command parser
\c_xparse_shorthands_prop=\toks51
\l_xparse_m_args_int=\count310
\l_xparse_mandatory_args_int=\count311
\l_xparse_processor_int=\count312
\l_xparse_total_args_int=\count313
)
(/usr/local/texlive/2011/texmf-dist/tex/generic/kastrup/binhex.tex)
\l_fontspec_script_int=\count314
\l_fontspec_language_int=\count315
\l_fontspec_strnum_int=\count316
Variant \tl_gset:cV already defined; not changing it on line 83

(/usr/local/texlive/2011/texmf-dist/tex/latex/fontspec/fontspec-patches.sty
Package: fontspec-patches 2011/02/26 v2.1f Advanced font selection for XeLaTeX/
LuaLaTeX

(/usr/local/texlive/2011/texmf-dist/tex/latex/base/fixltx2e.sty
Package: fixltx2e 2006/09/13 v1.1m fixes to LaTeX
LaTeX Info: Redefining \em on input line 420.
LaTeX Info: The control sequence `\[' is already robust on input line 471.
LaTeX Info: The control sequence `\]' is already robust on input line 472.
)
LaTeX Info: Redefining \em on input line 22.
LaTeX Info: Redefining \emph on input line 29.
LaTeX Info: Redefining \- on input line 32.
)
(/usr/local/texlive/2011/texmf-dist/tex/latex/base/fontenc.sty
Package: fontenc 2005/09/27 v1.99g Standard LaTeX package

(/usr/local/texlive/2011/texmf-dist/tex/latex/euenc/eu1enc.def
File: eu1enc.def 2010/05/27 v0.1h Experimental Unicode font encodings
)
LaTeX Font Info:    Try loading font information for EU1+lmr on input line 100.


(/usr/local/texlive/2011/texmf-dist/tex/latex/euenc/eu1lmr.fd
File: eu1lmr.fd 2009/10/30 v1.6 Font defs for Latin Modern
))
(/usr/local/texlive/2011/texmf-dist/tex/xelatex/xunicode/xunicode.sty
File: xunicode.sty 2010/11/06 v0.96 provides access to latin accents and many o
ther characters in Unicode lower plane
)
 LaTeX info: Defining document command \fontspec
(LaTeX)  with arg. spec. 'O{}m' on line 335.

 LaTeX info: Defining document command \setmainfont
(LaTeX)  with arg. spec. 'O{}m' on line 339.

 LaTeX info: Defining document command \setsansfont
(LaTeX)  with arg. spec. 'O{}m' on line 343.

 LaTeX info: Defining document command \setmonofont
(LaTeX)  with arg. spec. 'O{}m' on line 347.

 LaTeX info: Defining document command \setmathrm
(LaTeX)  with arg. spec. 'O{}m' on line 351.

 LaTeX info: Defining document command \setboldmathrm
(LaTeX)  with arg. spec. 'O{}m' on line 354.

 LaTeX info: Defining document command \setmathsf
(LaTeX)  with arg. spec. 'O{}m' on line 357.

 LaTeX info: Defining document command \setmathtt
(LaTeX)  with arg. spec. 'O{}m' on line 360.

 LaTeX info: Defining document command \newfontfamily
(LaTeX)  with arg. spec. 'mO{}m' on line 377.

 LaTeX info: Defining document command \newfontface
(LaTeX)  with arg. spec. 'mO{}m' on line 380.

 LaTeX info: Defining document command \defaultfontfeatures
(LaTeX)  with arg. spec. 'm' on line 383.

 LaTeX info: Defining document command \addfontfeatures
(LaTeX)  with arg. spec. 'm' on line 400.

 LaTeX info: Defining document command \newfontfeature
(LaTeX)  with arg. spec. 'mm' on line 407.

 LaTeX info: Defining document command \newAATfeature
(LaTeX)  with arg. spec. 'mmmm' on line 416.

 LaTeX info: Defining document command \newICUfeature
(LaTeX)  with arg. spec. 'mmm' on line 425.

 LaTeX info: Defining document command \aliasfontfeature
(LaTeX)  with arg. spec. 'mm' on line 427.

 LaTeX info: Defining document command \aliasfontfeatureoption
(LaTeX)  with arg. spec. 'mmm' on line 430.

 LaTeX info: Defining document command \newfontscript
(LaTeX)  with arg. spec. 'mm' on line 435.

 LaTeX info: Defining document command \newfontlanguage
(LaTeX)  with arg. spec. 'mm' on line 457.

 LaTeX info: Defining document command \DeclareFontsExtensions
(LaTeX)  with arg. spec. 'm' on line 474.

\c@fontspec_tmp_int=\count317
LaTeX Info: Redefining \itshape on input line 2105.
LaTeX Info: Redefining \slshape on input line 2109.
LaTeX Info: Redefining \scshape on input line 2113.
LaTeX Info: Redefining \upshape on input line 2117.

(/usr/local/texlive/2011/texmf-dist/tex/latex/fontspec/fontspec.cfg))
(/usr/local/texlive/2011/texmf-dist/tex/xelatex/xepersian/xepersian-persiancal.
sty
Package: xepersian-persiancal 2010/07/25 v0.1 provides Persian calendar
\XePersian@i=\count318
\XePersian@y=\count319
\XePersian@m=\count320
\XePersian@d=\count321
\XePersian@latini=\count322
\XePersian@persiani=\count323
\XePersian@latinii=\count324
\XePersian@persianii=\count325
\XePersian@latiniii=\count326
\XePersian@persianiii=\count327
\XePersian@latiniv=\count328
\XePersian@persianiv=\count329
\XePersian@latinv=\count330
\XePersian@persianv=\count331
\XePersian@latinvi=\count332
\XePersian@persianvi=\count333
\XePersian@latinvii=\count334
\XePersian@persianvii=\count335
\XePersian@latinviii=\count336
\XePersian@persianviii=\count337
\XePersian@latinix=\count338
\XePersian@persianix=\count339
\XePersian@latinx=\count340
\XePersian@persianx=\count341
\XePersian@latinxi=\count342
\XePersian@persianxi=\count343
\XePersian@latinxii=\count344
\XePersian@persianxii=\count345
\XePersian@persianxiii=\count346
\XePersian@temp=\count347
\XePersian@temptwo=\count348
\XePersian@tempthree=\count349
\XePersian@yModHundred=\count350
\XePersian@thirtytwo=\count351
\XePersian@dn=\count352
\XePersian@sn=\count353
\XePersian@mminusone=\count354
)
(/usr/local/texlive/2011/texmf-dist/tex/xelatex/xepersian/xepersian-mathsdigits
pec.sty
Package: xepersian-mathsdigitspec 2011/03/01 v0.9 Unicode Persian maths digits 
in XeLaTeX
 LaTeX info: Defining document command \new@mathbf
(LaTeX)  with arg. spec. 'm' on line 53.

 LaTeX info: Defining document command \new@mathit
(LaTeX)  with arg. spec. 'm' on line 61.

 LaTeX info: Defining document command \new@mathrm
(LaTeX)  with arg. spec. 'm' on line 69.

 LaTeX info: Defining document command \new@mathsf
(LaTeX)  with arg. spec. 'm' on line 77.

 LaTeX info: Defining document command \new@mathtt
(LaTeX)  with arg. spec. 'm' on line 85.

) (/usr/local/texlive/2011/texmf-dist/tex/latex/etoolbox/etoolbox.sty
Package: etoolbox 2011/01/03 v2.1 e-TeX tools for LaTeX
\etb@tempcnta=\count355
)
(/usr/local/texlive/2011/texmf-dist/tex/latex/bidi/bidi.sty
Package: bidi 2011/03/21 v1.1.7 <commit 150> Bidirectional typesetting in plain
 TeX and LaTeX

bidi package (Support for bidirectional typesetting in plain TeX and LaTeX)
 Description: A convenient interface for typesetting bidirectional
 texts in plain TeX and LaTeX. The package includes adaptations for use
 with many other commonly-used packages.
 Copyright © 2009–2011 Vafa Khalighi
 v1.1.7, <commit 150>, 2011/03/21
 License: LaTeX Project Public License, version 1.3c or higher (your choice)
 Home: http://bitbucket.org/vafa/bidi
 Location on CTAN: /macros/latex/contrib/bidi
(/usr/local/texlive/2011/texmf-dist/tex/generic/iftex/iftex.sty
Package: iftex 2010/07/25 v0.2 Provides if(tex) conditional for PDFTeX, XeTeX, 
and LuaTeX
)
(/usr/local/texlive/2011/texmf-dist/tex/latex/bidi/loadingorder-bidi.def
File: loadingorder-bidi.def 2011/04/16 v0.6 making sure that bidi is the last p
ackage loaded
)
(/usr/local/texlive/2011/texmf-dist/tex/latex/bidi/xetex-bidi.def
File: xetex-bidi.def 2010/08/01 v0.8 bidi adaptations for XeTeX engine
\n@everypar=\toks52

(/usr/local/texlive/2011/texmf-dist/tex/latex/bidi/footnote-xetex-bidi.def
File: footnote-xetex-bidi.def 2010/07/25 v0.5 bidi footnote macros for XeTeX en
gine
)
(/usr/local/texlive/2011/texmf-dist/tex/latex/bidi/book-xetex-bidi.def
File: book-xetex-bidi.def 2010/07/25 v0.7 bidi adaptations for standard book cl
ass for XeTeX engine
)
(/usr/local/texlive/2011/texmf-dist/tex/latex/bidi/amsmath-xetex-bidi.def
File: amsmath-xetex-bidi.def 2010/07/25 v0.2 bidi adaptations for amsmath packa
ge for XeTeX engine
LaTeX Info: Redefining \[ on input line 27.
LaTeX Info: Redefining \] on input line 28.
)
(/usr/local/texlive/2011/texmf-dist/tex/latex/bidi/color-xetex-bidi.def
File: color-xetex-bidi.def 2010/07/25 v0.1 bidi adaptations for color package f
or XeTeX engine
LaTeX Info: Redefining \color on input line 24.
)
(/usr/local/texlive/2011/texmf-dist/tex/latex/bidi/xcolor-xetex-bidi.def
File: xcolor-xetex-bidi.def 2010/07/25 v0.1 bidi adaptations for xcolor package
 for XeTeX engine
LaTeX Info: Redefining \color on input line 23.
LaTeX Info: Redefining \bidicolor on input line 66.
)
(/usr/local/texlive/2011/texmf-dist/tex/latex/bidi/float-xetex-bidi.def
File: float-xetex-bidi.def 2011/02/06 v0.1 bidi adaptations for float package f
or XeTeX engine
)
(/usr/local/texlive/2011/texmf-dist/tex/latex/bidi/wrapfig-xetex-bidi.def
File: wrapfig-xetex-bidi.def 2010/07/25 v0.2 bidi adaptations for wrapfig packa
ge for XeTeX engine
)
(/usr/local/texlive/2011/texmf-dist/tex/latex/bidi/graphicx-xetex-bidi.def
File: graphicx-xetex-bidi.def 2010/07/25 v0.3 bidi adaptations for graphicx pac
kage for XeTeX engine
)
(/usr/local/texlive/2011/texmf-dist/tex/latex/bidi/hyperref-xetex-bidi.def
File: hyperref-xetex-bidi.def 2010/07/25 v0.4 bidi adaptations for hyperref pac
kage for XeTeX engine
)
(/usr/local/texlive/2011/texmf-dist/tex/latex/bidi/fancyhdr-xetex-bidi.def
File: fancyhdr-xetex-bidi.def 2010/07/25 v0.3 bidi adaptations for fancyhdr pac
kage for XeTeX engine
)
(/usr/local/texlive/2011/texmf-dist/tex/latex/bidi/pstricks-xetex-bidi.def
File: pstricks-xetex-bidi.def 2010/07/25 v0.3 bidi adaptations for pstricks pac
kage for XeTeX engine
)
(/usr/local/texlive/2011/texmf-dist/tex/latex/bidi/subfigure-xetex-bidi.def
File: subfigure-xetex-bidi.def 2010/03/01 v0.1 bidi adaptations for subfigure p
ackage for XeTeX engine
)
(/usr/local/texlive/2011/texmf-dist/tex/latex/bidi/multicol-xetex-bidi.def
File: multicol-xetex-bidi.def 2010/07/25 v0.1 bidi adaptations for multicol pac
kage for XeTeX engine
)))
xepersian package (Persian for LaTeX over XeTeX)
 Description: The package supports Persian
 typesetting, using fonts provided in the distribution.
 Copyright © 2008–2011 Vafa Khalighi
 v1.1.0, <commit 100>, 2011/03/21
 License: LaTeX Project Public License, version 1.3c or higher (your choice)
 Home: http://bitbucket.org/vafa/xepersian
 Location on CTAN: /macros/xetex/latex/xepersian
\g_fontspec_family_lmroman10-regular_int=\count356
 fontspec info: Defining font family 'lmroman10-regular(0)' for font 'lmroman10
-regular' with options [Mapping=tex-text,ExternalLocation,BoldFont={lmroman10-b
old},BoldItalicFont={lmroman10-bolditalic},ItalicFont={lmroman10-italic},SmallC
apsFont={lmromancaps10-regular},SlantedFont={lmromanslant10-regular},BoldSlante
dFont={lmromanslant10-bold}].

\g_fontspec_lmroman10-regular(0)_prop=\toks53
 fontspec info: Defining shape 'normal' with NFSS spec.:
(fontspec)  <->"[lmroman10-regular]/ICU:script=latn;language=DFLT;mapping=tex-t
ext;"

 fontspec info: Defining shape 'small caps' with NFSS spec.:
(fontspec)  <->"[lmromancaps10-regular]/ICU:script=latn;language=DFLT;mapping=t
ex-text;"

 fontspec info: Defining shape 'bold' with NFSS spec.:
(fontspec)  <->"[lmroman10-bold]/ICU:script=latn;language=DFLT;mapping=tex-text
;"

 fontspec info: Defining shape 'bold small caps' with NFSS spec.:
(fontspec)  <->"[lmromancaps10-regular]/ICU:script=latn;language=DFLT;mapping=t
ex-text;"

 fontspec info: Defining shape 'italic' with NFSS spec.:
(fontspec)  <->"[lmroman10-italic]/ICU:script=latn;language=DFLT;mapping=tex-te
xt;"

 fontspec info: Defining shape 'italic small caps' with NFSS spec.:
(fontspec)  <->"[lmromancaps10-regular]/ICU:script=latn;language=DFLT;mapping=t
ex-text;"

 fontspec info: Defining shape 'm/sl' with NFSS spec.:
(fontspec)  <->"[lmromanslant10-regular]/ICU:script=latn;language=DFLT;mapping=
tex-text;"

 fontspec info: Defining shape 'small caps' with NFSS spec.:
(fontspec)  <->"[lmromancaps10-regular]/ICU:script=latn;language=DFLT;mapping=t
ex-text;"

 fontspec info: Defining shape 'bold italic' with NFSS spec.:
(fontspec)  <->"[lmroman10-bolditalic]/ICU:script=latn;language=DFLT;mapping=te
x-text;"

 fontspec info: Defining shape 'bold italic small caps' with NFSS spec.:
(fontspec)  <->"[lmromancaps10-regular]/ICU:script=latn;language=DFLT;mapping=t
ex-text;"

 fontspec info: Defining shape 'bx/sl' with NFSS spec.:
(fontspec)  <->"[lmromanslant10-bold]/ICU:script=latn;language=DFLT;mapping=tex
-text;"

 fontspec info: Defining shape 'bold small caps' with NFSS spec.:
(fontspec)  <->"[lmromancaps10-regular]/ICU:script=latn;language=DFLT;mapping=t
ex-text;"


(/usr/local/texlive/2011/texmf-dist/tex/xelatex/xepersian/loadingorder-bidi-xep
ersian.def
File: loadingorder-bidi-xepersian.def 2010/07/25 v0.2 making sure that xepersia
n is the last package loaded
)
(/usr/local/texlive/2011/texmf-dist/tex/xelatex/xepersian/algorithm-xepersian.d
ef
File: algorithm-xepersian.def 2010/07/25 v0.2 adaptations for algorithm package

)
(/usr/local/texlive/2011/texmf-dist/tex/xelatex/xepersian/footnote-bidi-xepersi
an.def
File: footnote-bidi-xepersian.def 2010/07/25 v0.2 footnote macros for xepersian
 package
)
(/usr/local/texlive/2011/texmf-dist/tex/xelatex/xepersian/hyperref-xepersian.de
f
File: hyperref-xepersian.def 2010/07/25 v0.3 bilingual captions for hyperref pa
ckage
)
(/usr/local/texlive/2011/texmf-dist/tex/xelatex/xepersian/multicol-xepersian.de
f
File: multicol-xepersian.def 2010/07/25 v0.1 adaptations for multicol package
) (/usr/local/texlive/2011/texmf-dist/tex/xelatex/xepersian/book-xepersian.def
File: book-xepersian.def 2010/07/25 v0.2 adaptations for standard book class
)
(/usr/local/texlive/2011/texmf-dist/tex/xelatex/xepersian/localise-xepersian.de
f
File: localise-xepersian.def 2010/07/25 v0.2a Persian localisation of LaTeX2e
 (/usr/local/texlive/2011/texmf-dist/tex/xelatex/xepersian/commands-ltx.def
File: commands-ltx.def 2010/07/25 v0.2 Persian localisation of LaTeX2e commands

)
(/usr/local/texlive/2011/texmf-dist/tex/xelatex/xepersian/commands-xepersian.de
f
File: commands-xepersian.def 2010/07/25 v0.1 Persian localisation of XePersian 
commands
)
(/usr/local/texlive/2011/texmf-dist/tex/xelatex/xepersian/environments-ltx.def
File: environments-ltx.def 2010/07/25 v0.2 Persian localisation of LaTeX2e envi
ronments
)
(/usr/local/texlive/2011/texmf-dist/tex/xelatex/xepersian/environments-xepersia
n.def
File: environments-xepersian.def 2010/07/25 v0.1 Persian localisation of XePers
ian and bidi environments
)
(/usr/local/texlive/2011/texmf-dist/tex/xelatex/xepersian/messages-localise.def
File: messages-localise.def 2011/03/01 v0.1 localising LaTeX2e messages
)
(/usr/local/texlive/2011/texmf-dist/tex/xelatex/xepersian/misc-localise-xepersi
an.def
File: misc-localise-xepersian.def 2011/03/01 v0.1 miscellaneous Persian localis
ation of LaTeX2e
)
(/usr/local/texlive/2011/texmf-dist/tex/xelatex/xepersian/packages-localise-xep
ersian.def
File: packages-localise-xepersian.def 2011/03/01 v0.1 localising LaTeX2e Packag
es

(/usr/local/texlive/2011/texmf-dist/tex/xelatex/xepersian/color-localise.def
File: color-localise.def 2011/03/01 v0.1 localising color package
)))) (./styles/alg-fa.tex)
*geometry* verbose mode - [ newgeometry ] result:
* driver: 
* paper: a4paper
* layout: <same size as paper>
* layoutoffset:(h,v)=(0.0pt,0.0pt)
* modes: 
* h-part:(L,W,R)=(71.13188pt, 441.01773pt, 85.35826pt)
* v-part:(T,H,B)=(99.58464pt, 645.87756pt, 99.58464pt)
* \paperwidth=597.50787pt
* \paperheight=845.04684pt
* \textwidth=441.01773pt
* \textheight=645.87756pt
* \oddsidemargin=-1.1381pt
* \evensidemargin=-1.1381pt
* \topmargin=-17.55914pt
* \headheight=25.0pt
* \headsep=19.8738pt
* \topskip=11.0pt
* \footskip=27.46295pt
* \marginparwidth=53.0pt
* \marginparsep=7.0pt
* \columnsep=10.0pt
* \skip\footins=10.0pt plus 4.0pt minus 2.0pt
* \hoffset=0.0pt
* \voffset=0.0pt
* \mag=1000
* \@twocolumnfalse
* \@twosidefalse
* \@mparswitchfalse
* \@reversemarginfalse
* (1in=72.27pt=25.4mm, 1cm=28.453pt)

\g_fontspec_family_XB Niloofar_int=\count357
 fontspec info: Defining font family 'XBNiloofar(0)' for font 'XB Niloofar' wit
h options [Script=Parsi,Language=Parsi,Mapping=parsidigits,Scale=1].

\g_fontspec_XBNiloofar(0)_prop=\toks54
 fontspec info: Defining shape 'normal' with NFSS spec.:
(fontspec)  <->s*[1]"XB Niloofar/ICU:script=arab;language=FAR;mapping=parsidigi
ts;"

 fontspec info: Defining shape 'bold' with NFSS spec.:
(fontspec)  <->s*[1]"XB Niloofar/B/ICU:script=arab;language=FAR;mapping=parsidi
gits;"

 fontspec info: Defining shape 'italic' with NFSS spec.:
(fontspec)  <->s*[1]"XB Niloofar/I/ICU:script=arab;language=FAR;mapping=parsidi
gits;"

 fontspec info: Defining shape 'bold italic' with NFSS spec.:
(fontspec)  <->s*[1]"XB Niloofar/BI/ICU:script=arab;language=FAR;mapping=parsid
igits;"

LaTeX Font Info:    Font shape `EU1/XBNiloofar(0)/m/n' will be
(Font)              scaled to size 10.0pt on input line 40.
 fontspec info: Defining font family 'XBNiloofar(1)' for font 'XB Niloofar' wit
h options [Mapping=parsidigits,Scale=1].

\g_fontspec_XBNiloofar(1)_prop=\toks55
 fontspec info: Defining shape 'normal' with NFSS spec.:
(fontspec)  <->s*[1]"XB Niloofar/ICU:script=latn;language=DFLT;mapping=parsidig
its;"

 fontspec info: Defining shape 'bold' with NFSS spec.:
(fontspec)  <->s*[1]"XB Niloofar/B/ICU:script=latn;language=DFLT;mapping=parsid
igits;"

 fontspec info: Defining shape 'italic' with NFSS spec.:
(fontspec)  <->s*[1]"XB Niloofar/I/ICU:script=latn;language=DFLT;mapping=parsid
igits;"

 fontspec info: Defining shape 'bold italic' with NFSS spec.:
(fontspec)  <->s*[1]"XB Niloofar/BI/ICU:script=latn;language=DFLT;mapping=parsi
digits;"

Package xepersian-mathsdigitspec Info: Defining the default Persian maths digit
s font as 'XB Niloofar' on input line 41.
\symOPERATORS=\mathgroup6
\symnew@mathbf@font@digits=\mathgroup7
\symnew@mathit@font@digits=\mathgroup8
\symnew@mathrm@font@digits=\mathgroup9
\c@قضیه=\count358
\c@مسئله=\count359
\c@تعریف=\count360
\c@مثال=\count361
 LaTeX info: Defining document command \img
(LaTeX)  with arg. spec. 'm m o' on line 162.

) (./styles/custom.tex) (./thesis.aux)
\openout1 = `thesis.aux'.

LaTeX Font Info:    Checking defaults for OML/cmm/m/it on input line 28.
LaTeX Font Info:    ... okay on input line 28.
LaTeX Font Info:    Checking defaults for T1/cmr/m/n on input line 28.
LaTeX Font Info:    ... okay on input line 28.
LaTeX Font Info:    Checking defaults for OT1/cmr/m/n on input line 28.
LaTeX Font Info:    ... okay on input line 28.
LaTeX Font Info:    Checking defaults for OMS/cmsy/m/n on input line 28.
LaTeX Font Info:    ... okay on input line 28.
LaTeX Font Info:    Checking defaults for OMX/cmex/m/n on input line 28.
LaTeX Font Info:    ... okay on input line 28.
LaTeX Font Info:    Checking defaults for U/cmr/m/n on input line 28.
LaTeX Font Info:    ... okay on input line 28.
LaTeX Font Info:    Checking defaults for PD1/pdf/m/n on input line 28.
LaTeX Font Info:    ... okay on input line 28.
LaTeX Font Info:    Checking defaults for PU/pdf/m/n on input line 28.
LaTeX Font Info:    ... okay on input line 28.
LaTeX Font Info:    Checking defaults for EU1/lmr/m/n on input line 28.
LaTeX Font Info:    ... okay on input line 28.
LaTeX Font Info:    Font shape `EU1/XBNiloofar(0)/m/n' will be
(Font)              scaled to size 10.95pt on input line 28.
\AtBeginShipoutBox=\box63
Package hyperref Info: Link coloring ON on input line 28.

(/usr/local/texlive/2011/texmf-dist/tex/latex/hyperref/nameref.sty
Package: nameref 2010/04/30 v2.40 Cross-referencing by name of section

(/usr/local/texlive/2011/texmf-dist/tex/generic/oberdiek/gettitlestring.sty
Package: gettitlestring 2010/12/03 v1.4 Cleanup title references (HO)
)
\c@section@level=\count362
)
LaTeX Info: Redefining \ref on input line 28.
LaTeX Info: Redefining \pageref on input line 28.
LaTeX Info: Redefining \nameref on input line 28.

(./thesis.out) (./thesis.out)
\@outlinefile=\write3
\openout3 = `thesis.out'.


*geometry* driver: auto-detecting
*geometry* detected driver: xetex
*geometry* verbose mode - [ preamble ] result:
* driver: xetex
* paper: a4paper
* layout: <same size as paper>
* layoutoffset:(h,v)=(0.0pt,0.0pt)
* modes: 
* h-part:(L,W,R)=(71.13188pt, 441.01773pt, 85.35826pt)
* v-part:(T,H,B)=(99.58464pt, 645.87756pt, 99.58464pt)
* \paperwidth=597.50787pt
* \paperheight=845.04684pt
* \textwidth=441.01773pt
* \textheight=645.87756pt
* \oddsidemargin=-1.1381pt
* \evensidemargin=-1.1381pt
* \topmargin=-17.55914pt
* \headheight=25.0pt
* \headsep=19.8738pt
* \topskip=11.0pt
* \footskip=27.46295pt
* \marginparwidth=53.0pt
* \marginparsep=7.0pt
* \columnsep=10.0pt
* \skip\footins=10.0pt plus 4.0pt minus 2.0pt
* \hoffset=0.0pt
* \voffset=0.0pt
* \mag=1000
* \@twocolumnfalse
* \@twosidefalse
* \@mparswitchfalse
* \@reversemarginfalse
* (1in=72.27pt=25.4mm, 1cm=28.453pt)

(./front/info.tex) (./front/template/title.tex
File: front/template/images/logo.png Graphic file (type QTm)

<use  "front/template/images/logo.png" >
LaTeX Font Info:    Font shape `EU1/XBNiloofar(0)/m/n' will be
(Font)              scaled to size 14.4pt on input line 8.
LaTeX Font Info:    Font shape `EU1/XBNiloofar(0)/m/n' will be
(Font)              scaled to size 12.0pt on input line 23.
LaTeX Font Info:    Font shape `EU1/XBNiloofar(0)/m/n' will be
(Font)              scaled to size 20.74pt on input line 24.
LaTeX Font Info:    Font shape `EU1/XBNiloofar(0)/bx/n' will be
(Font)              scaled to size 20.74pt on input line 24.
LaTeX Font Info:    Font shape `EU1/XBNiloofar(0)/bx/n' will be
(Font)              scaled to size 14.4pt on input line 29.

(/usr/local/texlive/2011/texmf-dist/tex/generic/oberdiek/se-ascii-print.def
File: se-ascii-print.def 2010/03/01 v1.8 stringenc: Printable ASCII characters
)
[1


]) (./front/template/besmellah.tex
File: front/template/images/besmellah.jpg Graphic file (type QTm)

<use  "front/template/images/besmellah.jpg" > [2])
(./front/template/signatures.tex
 fontspec info: Defining font family 'XBNiloofar(2)' for font 'XB Niloofar' wit
h options [Script=Parsi,Language=Parsi,Mapping=parsidigits,Scale=1.2].

\g_fontspec_XBNiloofar(2)_prop=\toks56
 fontspec info: Defining shape 'normal' with NFSS spec.:
(fontspec)  <->s*[1.2]"XB Niloofar/ICU:script=arab;language=FAR;mapping=parsidi
gits;"

 fontspec info: Defining shape 'bold' with NFSS spec.:
(fontspec)  <->s*[1.2]"XB Niloofar/B/ICU:script=arab;language=FAR;mapping=parsi
digits;"

 fontspec info: Defining shape 'italic' with NFSS spec.:
(fontspec)  <->s*[1.2]"XB Niloofar/I/ICU:script=arab;language=FAR;mapping=parsi
digits;"

 fontspec info: Defining shape 'bold italic' with NFSS spec.:
(fontspec)  <->s*[1.2]"XB Niloofar/BI/ICU:script=arab;language=FAR;mapping=pars
idigits;"

LaTeX Info: Redefining \persianfont on input line 4.
LaTeX Font Info:    Font shape `EU1/XBNiloofar(2)/m/n' will be
(Font)              scaled to size 13.13995pt on input line 4.
 fontspec info: Defining font family 'XBNiloofar(3)' for font 'XB Niloofar' wit
h options [Mapping=parsidigits,Scale=1.2].

\g_fontspec_XBNiloofar(3)_prop=\toks57
 fontspec info: Defining shape 'normal' with NFSS spec.:
(fontspec)  <->s*[1.2]"XB Niloofar/ICU:script=latn;language=DFLT;mapping=parsid
igits;"

 fontspec info: Defining shape 'bold' with NFSS spec.:
(fontspec)  <->s*[1.2]"XB Niloofar/B/ICU:script=latn;language=DFLT;mapping=pars
idigits;"

 fontspec info: Defining shape 'italic' with NFSS spec.:
(fontspec)  <->s*[1.2]"XB Niloofar/I/ICU:script=latn;language=DFLT;mapping=pars
idigits;"

 fontspec info: Defining shape 'bold italic' with NFSS spec.:
(fontspec)  <->s*[1.2]"XB Niloofar/BI/ICU:script=latn;language=DFLT;mapping=par
sidigits;"

Package xepersian-mathsdigitspec Info: Defining the default Persian maths digit
s font as 'XB Niloofar' on input line 5.
LaTeX Font Info:    Redeclaring symbol font `OPERATORS' on input line 5.
LaTeX Font Info:    Overwriting symbol font `OPERATORS' in version `normal'
(Font)                  EU1/XBNiloofar(1)/m/n --> EU1/XBNiloofar(3)/m/n on inpu
t line 5.
LaTeX Font Info:    Overwriting symbol font `OPERATORS' in version `bold'
(Font)                  EU1/XBNiloofar(1)/m/n --> EU1/XBNiloofar(3)/m/n on inpu
t line 5.
LaTeX Font Info:    Redeclaring symbol font `new@mathbf@font@digits' on input l
ine 5.
LaTeX Font Info:    Overwriting symbol font `new@mathbf@font@digits' in version
 `normal'
(Font)                  EU1/XBNiloofar(1)/bx/n --> EU1/XBNiloofar(3)/bx/n on in
put line 5.
LaTeX Font Info:    Overwriting symbol font `new@mathbf@font@digits' in version
 `bold'
(Font)                  EU1/XBNiloofar(1)/bx/n --> EU1/XBNiloofar(3)/bx/n on in
put line 5.
LaTeX Font Info:    Redeclaring symbol font `new@mathit@font@digits' on input l
ine 5.
LaTeX Font Info:    Overwriting symbol font `new@mathit@font@digits' in version
 `normal'
(Font)                  EU1/XBNiloofar(1)/m/it --> EU1/XBNiloofar(3)/m/it on in
put line 5.
LaTeX Font Info:    Overwriting symbol font `new@mathit@font@digits' in version
 `bold'
(Font)                  EU1/XBNiloofar(1)/m/it --> EU1/XBNiloofar(3)/m/it on in
put line 5.
LaTeX Font Info:    Redeclaring symbol font `new@mathrm@font@digits' on input l
ine 5.
LaTeX Font Info:    Overwriting symbol font `new@mathrm@font@digits' in version
 `normal'
(Font)                  EU1/XBNiloofar(1)/m/n --> EU1/XBNiloofar(3)/m/n on inpu
t line 5.
LaTeX Font Info:    Overwriting symbol font `new@mathrm@font@digits' in version
 `bold'
(Font)                  EU1/XBNiloofar(1)/m/n --> EU1/XBNiloofar(3)/m/n on inpu
t line 5.
LaTeX Font Info:    Font shape `EU1/XBNiloofar(2)/m/n' will be
(Font)              scaled to size 14.39996pt on input line 8.
LaTeX Font Info:    Font shape `EU1/XBNiloofar(2)/bx/n' will be
(Font)              scaled to size 14.39996pt on input line 12.
LaTeX Font Info:    Try loading font information for U+msa on input line 37.

(/usr/local/texlive/2011/texmf-dist/tex/latex/amsfonts/umsa.fd
File: umsa.fd 2009/06/22 v3.00 AMS symbols A
)
LaTeX Font Info:    Try loading font information for U+msb on input line 37.

(/usr/local/texlive/2011/texmf-dist/tex/latex/amsfonts/umsb.fd
File: umsb.fd 2009/06/22 v3.00 AMS symbols B
)
LaTeX Font Info:    Font shape `EU1/XBNiloofar(3)/m/n' will be
(Font)              scaled to size 14.39996pt on input line 37.
LaTeX Font Info:    Font shape `EU1/XBNiloofar(3)/m/n' will be
(Font)              scaled to size 9.59998pt on input line 37.
LaTeX Font Info:    Font shape `EU1/XBNiloofar(3)/m/n' will be
(Font)              scaled to size 7.19998pt on input line 37.
LaTeX Font Info:    Font shape `EU1/XBNiloofar(3)/bx/n' will be
(Font)              scaled to size 14.39996pt on input line 37.
LaTeX Font Info:    Font shape `EU1/XBNiloofar(3)/bx/n' will be
(Font)              scaled to size 9.59998pt on input line 37.
LaTeX Font Info:    Font shape `EU1/XBNiloofar(3)/bx/n' will be
(Font)              scaled to size 7.19998pt on input line 37.
LaTeX Font Info:    Font shape `EU1/XBNiloofar(3)/m/it' will be
(Font)              scaled to size 14.39996pt on input line 37.
LaTeX Font Info:    Font shape `EU1/XBNiloofar(3)/m/it' will be
(Font)              scaled to size 9.59998pt on input line 37.
LaTeX Font Info:    Font shape `EU1/XBNiloofar(3)/m/it' will be
(Font)              scaled to size 7.19998pt on input line 37.
 [3])
(./front/acknowledge.tex
LaTeX Font Info:    Font shape `EU1/XBNiloofar(2)/bx/n' will be
(Font)              scaled to size 13.13995pt on input line 8.
 [4]) (./front/abstract.tex [5])
LaTeX Font Info:    Font shape `EU1/XBNiloofar(2)/m/n' will be
(Font)              scaled to size 29.85593pt on input line 50.
LaTeX Font Info:    Font shape `EU1/XBNiloofar(2)/bx/n' will be
(Font)              scaled to size 29.85593pt on input line 50.
 (./thesis.toc
LaTeX Font Info:    Font shape `EU1/XBNiloofar(3)/m/n' will be
(Font)              scaled to size 13.13995pt on input line 2.
LaTeX Font Info:    Font shape `EU1/XBNiloofar(3)/bx/n' will be
(Font)              scaled to size 13.13995pt on input line 2.
LaTeX Font Info:    Font shape `EU1/XBNiloofar(3)/m/it' will be
(Font)              scaled to size 13.13995pt on input line 2.
 [6

])
\tf@toc=\write4
\openout4 = `thesis.toc'.


[7] (./thesis.lof)
\tf@lof=\write5
\openout5 = `thesis.lof'.

 [8

] (./chapters/introduction.tex
فصل 1.
LaTeX Font Info:    Font shape `EU1/XBNiloofar(2)/m/n' will be
(Font)              scaled to size 24.88794pt on input line 1.
LaTeX Font Info:    Font shape `EU1/XBNiloofar(2)/bx/n' will be
(Font)              scaled to size 24.88794pt on input line 1.
LaTeX Font Info:    Font shape `EU1/XBNiloofar(2)/m/n' will be
(Font)              scaled to size 17.27994pt on input line 3.
LaTeX Font Info:    Font shape `EU1/XBNiloofar(2)/bx/n' will be
(Font)              scaled to size 17.27994pt on input line 3.

Overfull \hbox (3.77466pt too wide) in paragraph at lines 4--7
[]\EU1/XBNiloofar(2)/m/n/10.95 نیازمندی‌های کاربر نیز با
شد. یکی از دلیل‌های تغییر نیازمندی‌های ذی
نفعان می‌تواند ظهور تکنولوژی‌‌های[]
 []

[9

]

LaTeX Font Warning: Command \small invalid in math mode on input line 8.

LaTeX Font Info:    Font shape `EU1/XBNiloofar(2)/m/n' will be
(Font)              scaled to size 11.99997pt on input line 8.

LaTeX Font Warning: Command \small invalid in math mode on input line 9.


LaTeX Font Warning: Command \small invalid in math mode on input line 10.


LaTeX Font Warning: Command \small invalid in math mode on input line 11.

[10] [11] [12]) (./chapters/definitions.tex [13] [14]
فصل 2.

LaTeX Font Warning: Command \small invalid in math mode on input line 8.


LaTeX Font Warning: Command \small invalid in math mode on input line 9.


LaTeX Font Warning: Command \small invalid in math mode on input line 10.

[15

]

LaTeX Font Warning: Command \small invalid in math mode on input line 11.


LaTeX Font Warning: Command \small invalid in math mode on input line 12.


LaTeX Font Warning: Command \small invalid in math mode on input line 13.


LaTeX Font Warning: Command \small invalid in math mode on input line 22.


LaTeX Font Warning: Command \small invalid in math mode on input line 23.

[16]

LaTeX Font Warning: Command \small invalid in math mode on input line 24.


LaTeX Font Warning: Command \small invalid in math mode on input line 25.


LaTeX Font Warning: Command \small invalid in math mode on input line 33.


LaTeX Font Warning: Command \small invalid in math mode on input line 34.

LaTeX Font Info:    Font shape `EU1/XBNiloofar(2)/m/n' will be
(Font)              scaled to size 9.59998pt on input line 34.
LaTeX Font Info:    Font shape `EU1/XBNiloofar(2)/m/n' will be
(Font)              scaled to size 10.79997pt on input line 34.
LaTeX Font Info:    Font shape `EU1/XBNiloofar(3)/m/n' will be
(Font)              scaled to size 10.79997pt on input line 34.
LaTeX Font Info:    Font shape `EU1/XBNiloofar(3)/m/n' will be
(Font)              scaled to size 5.99998pt on input line 34.
LaTeX Font Info:    Font shape `EU1/XBNiloofar(3)/bx/n' will be
(Font)              scaled to size 10.79997pt on input line 34.
LaTeX Font Info:    Font shape `EU1/XBNiloofar(3)/bx/n' will be
(Font)              scaled to size 5.99998pt on input line 34.
LaTeX Font Info:    Font shape `EU1/XBNiloofar(3)/m/it' will be
(Font)              scaled to size 10.79997pt on input line 34.
LaTeX Font Info:    Font shape `EU1/XBNiloofar(3)/m/it' will be
(Font)              scaled to size 5.99998pt on input line 34.
LaTeX Font Info:    Font shape `EU1/XBNiloofar(2)/m/n' will be
(Font)              scaled to size 7.19998pt on input line 34.

LaTeX Font Warning: Command \small invalid in math mode on input line 35.


LaTeX Font Warning: Command \small invalid in math mode on input line 36.


LaTeX Font Warning: Command \small invalid in math mode on input line 37.


LaTeX Font Warning: Command \small invalid in math mode on input line 38.


LaTeX Font Warning: Command \small invalid in math mode on input line 42.

[17]

LaTeX Font Warning: Command \small invalid in math mode on input line 43.


LaTeX Font Warning: Command \small invalid in math mode on input line 44.


LaTeX Font Warning: Command \small invalid in math mode on input line 45.


LaTeX Font Warning: Command \small invalid in math mode on input line 46.


LaTeX Font Warning: Command \small invalid in math mode on input line 47.


LaTeX Font Warning: Command \small invalid in math mode on input line 48.

) (./chapters/earlierStudies.tex [18] [19]
فصل 3.
) (./chapters/model.tex [20

]
فصل 4.
) (./chapters/conclusions.tex [21

]
فصل 5.
) (./chapters/future.tex [22

]
فصل 6.
) (./chapters/appendix.tex) (./bibs/bibs.tex (./thesis.bbl [23

]) [24

])
*geometry* verbose mode - [ newgeometry ] result:
* driver: xetex
* paper: a4paper
* layout: <same size as paper>
* layoutoffset:(h,v)=(0.0pt,0.0pt)
* modes: 
* h-part:(L,W,R)=(85.35826pt, 441.01773pt, 71.13188pt)
* v-part:(T,H,B)=(101.40665pt, 591.5302pt, 152.11pt)
* \paperwidth=597.50787pt
* \paperheight=845.04684pt
* \textwidth=441.01773pt
* \textheight=591.5302pt
* \oddsidemargin=13.08827pt
* \evensidemargin=13.08827pt
* \topmargin=-15.73714pt
* \headheight=25.0pt
* \headsep=19.8738pt
* \topskip=11.0pt
* \footskip=27.46295pt
* \marginparwidth=53.0pt
* \marginparsep=7.0pt
* \columnsep=10.0pt
* \skip\footins=10.0pt plus 4.0pt minus 2.0pt
* \hoffset=0.0pt
* \voffset=0.0pt
* \mag=1000
* \@twocolumnfalse
* \@twosidefalse
* \@mparswitchfalse
* \@reversemarginfalse
* (1in=72.27pt=25.4mm, 1cm=28.453pt)


(./front/dictionary.tex) (./front/abstract-eng.tex [25

])
(./front/template/title-eng.tex
File: front/template/images/logo.png Graphic file (type QTm)
 <use  "front/template/images/logo.png" >
[26])
Package atveryend Info: Empty hook `BeforeClearDocument' on input line 91.
Package atveryend Info: Empty hook `AfterLastShipout' on input line 91.
 (./thesis.aux)
Package atveryend Info: Empty hook `AtVeryEndDocument' on input line 91.
Package atveryend Info: Empty hook `AtEndAfterFileList' on input line 91.
Package atveryend Info: Empty hook `AtVeryVeryEnd' on input line 91.
 ) 
Here is how much of TeX's memory you used:
 22390 strings out of 494150
 356997 string characters out of 3152950
 506221 words of memory out of 3000000
 25131 multiletter control sequences out of 15000+200000
 12567 words of font info for 115 fonts, out of 3000000 for 9000
 1018 hyphenation exceptions out of 8191
 47i,13n,64p,1311b,395s stack positions out of 5000i,500n,10000p,200000b,50000s

Output written on thesis.pdf (26 pages).
